=== tier2-strike-01 ===
{"seed":42,"scenarioPolicyId":"baltic-v3-tier2-strike-01","ticks":10,"fingerprint":"PolicyUpdate|1|0|0|1|roe|WeaponsFree|WeaponsFree\nPolicyUpdate|2|0|0|2|roe|WeaponsFree|WeaponsTight\nModeChange|3|0|0||Planning|Executing\nContactChange|4|1|1|u1|c1|hostile-1|Unknown|Detected\nAgentDecision|5|1|1|a1|Engage|Engage:1:High|0.796304\nAgentDecision|6|1|1|a-red|Engage|Engage:1:High|1.373679\nPolicyDenial|7|1|hostile-1|WeaponsTight|Engage\nEngagement|8|1|1|u1|1|True|Launched\nMagazineChange|9|1|1|u1|0|-1|fire\nEngagementOutcome|10|1|1|1|hostile-1|Kill|0.006502\nEngagement|11|1|1|hostile-1|0|False|ROE_WEAPONS_TIGHT\nContactChange|12|1|1|u1|c1|hostile-1|Detected|Lost\nAgentDecision|13|2|2|a1|Engage|Engage:1:High|0.235134\nAgentDecision|14|2|2|a-red|Engage|Engage:1:High|0.588357\nPolicyDenial|15|2|hostile-1|WeaponsTight|Engage\nEngagement|16|2|2|u1|0|False|TARGET_DESTROYED\nEngagement|17|2|2|hostile-1|0|False|ROE_WEAPONS_TIGHT\nAgentDecision|18|3|3|a1|Engage|Engage:1:High|0.974989\nAgentDecision|19|3|3|a-red|Engage|Engage:1:High|1.630944\nPolicyDenial|20|3|hostile-1|WeaponsTight|Engage\nEngagement|21|3|3|u1|0|False|TARGET_DESTROYED\nEngagement|22|3|3|hostile-1|0|False|ROE_WEAPONS_TIGHT\nAgentDecision|23|4|4|a1|Engage|Engage:1:High|0.207748\nAgentDecision|24|4|4|a-red|Engage|Engage:1:High|2.568215\nPolicyDenial|25|4|hostile-1|WeaponsTight|Engage\nEngagement|26|4|4|u1|0|False|TARGET_DESTROYED\nEngagement|27|4|4|hostile-1|0|False|ROE_WEAPONS_TIGHT\nMissionTransition|28|5|5|target-designation-confirmed|TARGET_DESIGNATION_CONFIRMED\nAgentDecision|29|5|5|a1|Engage|Engage:1:High|2.702277\nAgentDecision|30|5|5|a-red|Engage|Engage:1:High|0.347202\nPolicyDenial|31|5|hostile-1|WeaponsTight|Engage\nEngagement|32|5|5|u1|0|False|TARGET_DESTROYED\nEngagement|33|5|5|hostile-1|0|False|ROE_WEAPONS_TIGHT\nAgentDecision|34|6|6|a1|Engage|Engage:1:High|0.654472\nAgentDecision|35|6|6|a-red|Engage|Engage:1:High|0.965115\nPolicyDenial|36|6|hostile-1|WeaponsTight|Engage\nEngagement|37|6|6|u1|0|False|TARGET_DESTROYED\nEngagement|38|6|6|hostile-1|0|False|ROE_WEAPONS_TIGHT\nAgentDecision|39|7|7|a1|Engage|Engage:1:High|1.907496\nAgentDecision|40|7|7|a-red|Engage|Engage:1:High|0.185116\nPolicyDenial|41|7|hostile-1|WeaponsTight|Engage\nEngagement|42|7|7|u1|0|False|TARGET_DESTROYED\nEngagement|43|7|7|hostile-1|0|False|ROE_WEAPONS_TIGHT\nAgentDecision|44|8|8|a1|Engage|Engage:1:High|0.416218\nAgentDecision|45|8|8|a-red|Engage|Engage:1:High|0.337201\nPolicyDenial|46|8|hostile-1|WeaponsTight|Engage\nEngagement|47|8|8|u1|0|False|TARGET_DESTROYED\nEngagement|48|8|8|hostile-1|0|False|ROE_WEAPONS_TIGHT\nAgentDecision|49|9|9|a1|Engage|Engage:1:High|0.833327\nAgentDecision|50|9|9|a-red|Engage|Engage:1:High|2.037473\nPolicyDenial|51|9|hostile-1|WeaponsTight|Engage\nEngagement|52|9|9|u1|0|False|TARGET_DESTROYED\nEngagement|53|9|9|hostile-1|0|False|ROE_WEAPONS_TIGHT\nAgentDecision|54|10|10|a1|Engage|Engage:1:High|3.482867\nAgentDecision|55|10|10|a-red|Engage|Engage:1:High|0.322826\nPolicyDenial|56|10|hostile-1|WeaponsTight|Engage\nEngagement|57|10|10|u1|0|False|TARGET_DESTROYED\nEngagement|58|10|10|hostile-1|0|False|ROE_WEAPONS_TIGHT\n","fingerprintSha256":"7a5bec723e154b2332cf460d697019db5813fa5242c414c8e75cb4abf74e7aba","worldHash":"8890796721718904189","detectionWorldHash":"8493","engagementCount":20,"reportHash":"a5d5fdc8df89669c06d6f635853cb0fca0a96c95ba089cd49ae907b05f77d0d8","fire_order":[],"worldStateSha256":"7a5bec723e154b2332cf460d697019db5813fa5242c414c8e75cb4abf74e7aba"}
SEED=42 HASH=7a5bec723e154b2332cf460d697019db5813fa5242c414c8e75cb4abf74e7aba
{
  "recordType": "sample-complete",
  "scenarioPath": "production/qa/gauntlet/gauntlet-20260709-1242/tier-2/tier2-strike-01.policy.json",
  "ticks": 10,
  "seed": 42,
  "worldHash": "7a5bec723e154b2332cf460d697019db5813fa5242c414c8e75cb4abf74e7aba",
  "missionTypes": [
    "Patrol",
    "Strike"
  ],
  "missionCount": 3
}
=== tier2-strike-02 ===
{"seed":7,"scenarioPolicyId":"baltic-v3-tier2-strike-02","ticks":10,"fingerprint":"PolicyUpdate|1|0|0|1|roe|WeaponsFree|WeaponsTight\nPolicyUpdate|2|0|0|2|roe|WeaponsFree|WeaponsFree\nModeChange|3|0|0||Planning|Executing\nContactChange|4|1|1|ucav-red|c1|u1|Unknown|Detected\nAgentDecision|5|1|1|a1|Engage|Engage:1:High|3.133131\nPolicyDenial|6|1|u1|WeaponsTight|Engage\nAgentDecision|7|1|1|a-red|Engage|Engage:1:High|2.555329\nEngagement|8|1|1|hostile-1|0|False|EMCON_OFF\nEngagement|9|1|1|u1|0|False|ROE_WEAPONS_TIGHT\nAgentDecision|10|2|2|a1|Engage|Engage:1:High|0.249756\nPolicyDenial|11|2|u1|WeaponsTight|Engage\nAgentDecision|12|2|2|a-red|Engage|Engage:1:High|0.549214\nEngagement|13|2|2|hostile-1|0|False|EMCON_OFF\nEngagement|14|2|2|u1|0|False|ROE_WEAPONS_TIGHT\nAgentDecision|15|3|3|a1|Engage|Engage:1:High|0.031829\nPolicyDenial|16|3|u1|WeaponsTight|Engage\nAgentDecision|17|3|3|a-red|Engage|Engage:1:High|0.685559\nEngagement|18|3|3|hostile-1|0|False|EMCON_OFF\nEngagement|19|3|3|u1|0|False|ROE_WEAPONS_TIGHT\nMissionTransition|20|4|4|threat-designated|THREAT_DESIGNATED\nAgentDecision|21|4|4|a1|Engage|Engage:1:High|0.942103\nPolicyDenial|22|4|u1|WeaponsTight|Engage\nAgentDecision|23|4|4|a-red|Engage|Engage:1:High|3.360406\nEngagement|24|4|4|hostile-1|0|False|EMCON_OFF\nEngagement|25|4|4|u1|0|False|ROE_WEAPONS_TIGHT\nAgentDecision|26|5|5|a1|Engage|Engage:1:High|1.833898\nPolicyDenial|27|5|u1|WeaponsTight|Engage\nAgentDecision|28|5|5|a-red|Engage|Engage:1:High|1.223889\nEngagement|29|5|5|hostile-1|0|False|EMCON_OFF\nEngagement|30|5|5|u1|0|False|ROE_WEAPONS_TIGHT\nAgentDecision|31|6|6|a1|Engage|Engage:1:High|1.321819\nPolicyDenial|32|6|u1|WeaponsTight|Engage\nAgentDecision|33|6|6|a-red|Engage|Engage:1:High|0.303106\nEngagement|34|6|6|hostile-1|0|False|EMCON_OFF\nEngagement|35|6|6|u1|0|False|ROE_WEAPONS_TIGHT\nAgentDecision|36|7|7|a1|Engage|Engage:1:High|1.280645\nPolicyDenial|37|7|u1|WeaponsTight|Engage\nAgentDecision|38|7|7|a-red|Engage|Engage:1:High|2.99407\nEngagement|39|7|7|hostile-1|0|False|EMCON_OFF\nEngagement|40|7|7|u1|0|False|ROE_WEAPONS_TIGHT\nAgentDecision|41|8|8|a1|Engage|Engage:1:High|1.770816\nPolicyDenial|42|8|u1|WeaponsTight|Engage\nAgentDecision|43|8|8|a-red|Engage|Engage:1:High|1.852434\nEngagement|44|8|8|hostile-1|0|False|EMCON_OFF\nEngagement|45|8|8|u1|0|False|ROE_WEAPONS_TIGHT\nAgentDecision|46|9|9|a1|Engage|Engage:1:High|1.447085\nPolicyDenial|47|9|u1|WeaponsTight|Engage\nAgentDecision|48|9|9|a-red|Engage|Engage:1:High|2.649154\nEngagement|49|9|9|hostile-1|0|False|EMCON_OFF\nEngagement|50|9|9|u1|0|False|ROE_WEAPONS_TIGHT\nAgentDecision|51|10|10|a1|Engage|Engage:1:High|2.085533\nPolicyDenial|52|10|u1|WeaponsTight|Engage\nAgentDecision|53|10|10|a-red|Engage|Engage:1:High|1.529162\nEngagement|54|10|10|hostile-1|0|False|EMCON_OFF\nEngagement|55|10|10|u1|0|False|ROE_WEAPONS_TIGHT\n","fingerprintSha256":"9aa80c992d9e53dbdf757ff8c557715e5fc70c07b2e16b845d4a04c065ccfb10","worldHash":"15023896407734190654","detectionWorldHash":"2823571384317349568","engagementCount":20,"reportHash":"d81f30ba1d5ef33e68ddfc275c73c9645d9071c92c98636f6368aa7b16a1a7af","fire_order":[],"worldStateSha256":"9aa80c992d9e53dbdf757ff8c557715e5fc70c07b2e16b845d4a04c065ccfb10"}
SEED=7 HASH=9aa80c992d9e53dbdf757ff8c557715e5fc70c07b2e16b845d4a04c065ccfb10
{
  "recordType": "sample-complete",
  "scenarioPath": "production/qa/gauntlet/gauntlet-20260709-1242/tier-2/tier2-strike-02.policy.json",
  "ticks": 10,
  "seed": 7,
  "worldHash": "9aa80c992d9e53dbdf757ff8c557715e5fc70c07b2e16b845d4a04c065ccfb10",
  "missionTypes": [
    "Patrol",
    "Strike"
  ],
  "missionCount": 4
}
=== tier2-strike-03 ===
{"seed":123,"scenarioPolicyId":"baltic-v3-tier2-strike-03","ticks":10,"fingerprint":"PolicyUpdate|1|0|0|1|roe|WeaponsFree|WeaponsFree\nPolicyUpdate|2|0|0|2|roe|WeaponsFree|WeaponsTight\nModeChange|3|0|0||Planning|Executing\nAgentDecision|4|1|1|a1|Engage|Engage:1:High|0.24987\nAgentDecision|5|1|1|a-red|Engage|Engage:1:High|1.049226\nPolicyDenial|6|1|hostile-1|WeaponsTight|Engage\nEngagement|7|1|1|u1|0|False|NO_FIRE_CONTROL_TRACK\nEngagement|8|1|1|hostile-1|0|False|ROE_WEAPONS_TIGHT\nAgentDecision|9|2|2|a1|Engage|Engage:1:High|0.279434\nAgentDecision|10|2|2|a-red|Engage|Engage:1:High|0.632657\nPolicyDenial|11|2|hostile-1|WeaponsTight|Engage\nEngagement|12|2|2|u1|0|False|NO_FIRE_CONTROL_TRACK\nEngagement|13|2|2|hostile-1|0|False|ROE_WEAPONS_TIGHT\nAgentDecision|14|3|3|a1|Engage|Engage:1:High|1.743799\nAgentDecision|15|3|3|a-red|Engage|Engage:1:High|1.090509\nPolicyDenial|16|3|hostile-1|WeaponsTight|Engage\nEngagement|17|3|3|u1|0|False|NO_FIRE_CONTROL_TRACK\nEngagement|18|3|3|hostile-1|0|False|ROE_WEAPONS_TIGHT\nContactChange|19|4|4|ucav-blue|c1|hostile-1|Unknown|Detected\nAgentDecision|20|4|4|a1|Engage|Engage:1:High|2.170743\nAgentDecision|21|4|4|a-red|Engage|Engage:1:High|0.604575\nPolicyDenial|22|4|hostile-1|WeaponsTight|Engage\nEngagement|23|4|4|u1|1|True|Launched\nMagazineChange|24|4|4|u1|0|-1|fire\nEngagementOutcome|25|4|4|1|hostile-1|Kill|0.750136\nEngagement|26|4|4|hostile-1|0|False|ROE_WEAPONS_TIGHT\nContactChange|27|4|4|ucav-blue|c1|hostile-1|Detected|Lost\nAgentDecision|28|5|5|a1|Engage|Engage:1:High|0.838746\nAgentDecision|29|5|5|a-red|Engage|Engage:1:High|3.091615\nPolicyDenial|30|5|hostile-1|WeaponsTight|Engage\nEngagement|31|5|5|u1|0|False|TARGET_DESTROYED\nEngagement|32|5|5|hostile-1|0|False|ROE_WEAPONS_TIGHT\nMissionTransition|33|6|6|weapons-release-authorized|WEAPONS_RELEASE_AUTHORIZED\nAgentDecision|34|6|6|a1|Engage|Engage:1:High|3.017865\nAgentDecision|35|6|6|a-red|Engage|Engage:1:High|2.33918\nPolicyDenial|36|6|hostile-1|WeaponsTight|Engage\nEngagement|37|6|6|u1|0|False|TARGET_DESTROYED\nEngagement|38|6|6|hostile-1|0|False|ROE_WEAPONS_TIGHT\nAgentDecision|39|7|7|a1|Engage|Engage:1:High|1.450727\nAgentDecision|40|7|7|a-red|Engage|Engage:1:High|3.218696\nPolicyDenial|41|7|hostile-1|WeaponsTight|Engage\nEngagement|42|7|7|u1|0|False|TARGET_DESTROYED\nEngagement|43|7|7|hostile-1|0|False|ROE_WEAPONS_TIGHT\nAgentDecision|44|8|8|a1|Engage|Engage:1:High|0.844181\nAgentDecision|45|8|8|a-red|Engage|Engage:1:High|0.815856\nPolicyDenial|46|8|hostile-1|WeaponsTight|Engage\nEngagement|47|8|8|u1|0|False|TARGET_DESTROYED\nEngagement|48|8|8|hostile-1|0|False|ROE_WEAPONS_TIGHT\nAgentDecision|49|9|9|a1|Engage|Engage:1:High|0.933726\nAgentDecision|50|9|9|a-red|Engage|Engage:1:High|3.218804\nPolicyDenial|51|9|hostile-1|WeaponsTight|Engage\nEngagement|52|9|9|u1|0|False|TARGET_DESTROYED\nEngagement|53|9|9|hostile-1|0|False|ROE_WEAPONS_TIGHT\nAgentDecision|54|10|10|a1|Engage|Engage:1:High|0.162586\nAgentDecision|55|10|10|a-red|Engage|Engage:1:High|3.09762\nPolicyDenial|56|10|hostile-1|WeaponsTight|Engage\nEngagement|57|10|10|u1|0|False|TARGET_DESTROYED\nEngagement|58|10|10|hostile-1|0|False|ROE_WEAPONS_TIGHT\n","fingerprintSha256":"cb9d8b0280e1f98ebc82e7032a8e65f816da9890ec3a6df63f3a27fc8c959eea","worldHash":"8903369145555675347","detectionWorldHash":"11400714819323183612","engagementCount":20,"reportHash":"cad5f713d75f6ebfae7fa835266a294343c0bbe5a072e527ae18a5711fb3b127","fire_order":[],"worldStateSha256":"cb9d8b0280e1f98ebc82e7032a8e65f816da9890ec3a6df63f3a27fc8c959eea"}
SEED=123 HASH=cb9d8b0280e1f98ebc82e7032a8e65f816da9890ec3a6df63f3a27fc8c959eea
{
  "recordType": "sample-complete",
  "scenarioPath": "production/qa/gauntlet/gauntlet-20260709-1242/tier-2/tier2-strike-03.policy.json",
  "ticks": 10,
  "seed": 123,
  "worldHash": "cb9d8b0280e1f98ebc82e7032a8e65f816da9890ec3a6df63f3a27fc8c959eea",
  "missionTypes": [
    "Patrol",
    "Strike"
  ],
  "missionCount": 3
}
=== tier2-strike-04 ===
{"seed":999,"scenarioPolicyId":"baltic-v3-tier2-strike-04","ticks":10,"fingerprint":"PolicyUpdate|1|0|0|1|roe|WeaponsFree|WeaponsFree\nPolicyUpdate|2|0|0|2|roe|WeaponsFree|WeaponsTight\nModeChange|3|0|0||Planning|Executing\nContactChange|4|1|1|u1|c1|hostile-1|Unknown|Detected\nContactChange|5|1|1|ucav-blue|c2|hostile-1|Unknown|Detected\nAgentDecision|6|1|1|a1|Engage|Engage:1:High|1.189113\nAgentDecision|7|1|1|a-red|Engage|Engage:1:High|0.130387\nPolicyDenial|8|1|hostile-1|WeaponsTight|Engage\nEngagement|9|1|1|u1|1|True|Launched\nMagazineChange|10|1|1|u1|0|-1|fire\nEngagementOutcome|11|1|1|1|hostile-1|Kill|0.628518\nEngagement|12|1|1|hostile-1|0|False|ROE_WEAPONS_TIGHT\nContactChange|13|1|1|u1|c1|hostile-1|Detected|Lost\nContactChange|14|1|1|ucav-blue|c2|hostile-1|Detected|Lost\nAgentDecision|15|2|2|a1|Engage|Engage:1:High|0.624951\nAgentDecision|16|2|2|a-red|Engage|Engage:1:High|0.32464\nPolicyDenial|17|2|hostile-1|WeaponsTight|Engage\nEngagement|18|2|2|u1|0|False|TARGET_DESTROYED\nEngagement|19|2|2|hostile-1|0|False|ROE_WEAPONS_TIGHT\nMissionTransition|20|3|3|strike-package-rendezvous|STRIKE_PACKAGE_RENDEZVOUS\nAgentDecision|21|3|3|a1|Engage|Engage:1:High|3.16789\nAgentDecision|22|3|3|a-red|Engage|Engage:1:High|2.948628\nPolicyDenial|23|3|hostile-1|WeaponsTight|Engage\nEngagement|24|3|3|u1|0|False|TARGET_DESTROYED\nEngagement|25|3|3|hostile-1|0|False|ROE_WEAPONS_TIGHT\nAgentDecision|26|4|4|a1|Engage|Engage:1:High|0.710163\nAgentDecision|27|4|4|a-red|Engage|Engage:1:High|1.846962\nPolicyDenial|28|4|hostile-1|WeaponsTight|Engage\nEngagement|29|4|4|u1|0|False|TARGET_DESTROYED\nEngagement|30|4|4|hostile-1|0|False|ROE_WEAPONS_TIGHT\nAgentDecision|31|5|5|a1|Engage|Engage:1:High|3.250753\nAgentDecision|32|5|5|a-red|Engage|Engage:1:High|0.670239\nPolicyDenial|33|5|hostile-1|WeaponsTight|Engage\nEngagement|34|5|5|u1|0|False|TARGET_DESTROYED\nEngagement|35|5|5|hostile-1|0|False|ROE_WEAPONS_TIGHT\nAgentDecision|36|6|6|a1|Engage|Engage:1:High|1.048643\nAgentDecision|37|6|6|a-red|Engage|Engage:1:High|0.792511\nPolicyDenial|38|6|hostile-1|WeaponsTight|Engage\nEngagement|39|6|6|u1|0|False|TARGET_DESTROYED\nEngagement|40|6|6|hostile-1|0|False|ROE_WEAPONS_TIGHT\nAgentDecision|41|7|7|a1|Engage|Engage:1:High|2.663714\nAgentDecision|42|7|7|a-red|Engage|Engage:1:High|0.943046\nPolicyDenial|43|7|hostile-1|WeaponsTight|Engage\nEngagement|44|7|7|u1|0|False|TARGET_DESTROYED\nEngagement|45|7|7|hostile-1|0|False|ROE_WEAPONS_TIGHT\nAgentDecision|46|8|8|a1|Engage|Engage:1:High|0.248934\nAgentDecision|47|8|8|a-red|Engage|Engage:1:High|0.279416\nPolicyDenial|48|8|hostile-1|WeaponsTight|Engage\nEngagement|49|8|8|u1|0|False|TARGET_DESTROYED\nEngagement|50|8|8|hostile-1|0|False|ROE_WEAPONS_TIGHT\nAgentDecision|51|9|9|a1|Engage|Engage:1:High|1.505059\nAgentDecision|52|9|9|a-red|Engage|Engage:1:High|2.700258\nPolicyDenial|53|9|hostile-1|WeaponsTight|Engage\nEngagement|54|9|9|u1|0|False|TARGET_DESTROYED\nEngagement|55|9|9|hostile-1|0|False|ROE_WEAPONS_TIGHT\nAgentDecision|56|10|10|a1|Engage|Engage:1:High|0.822914\nAgentDecision|57|10|10|a-red|Engage|Engage:1:High|2.897552\nPolicyDenial|58|10|hostile-1|WeaponsTight|Engage\nEngagement|59|10|10|u1|0|False|TARGET_DESTROYED\nEngagement|60|10|10|hostile-1|0|False|ROE_WEAPONS_TIGHT\n","fingerprintSha256":"09b6f962ffe1ba34760bb9fa0a3bf0a9d4c9cd96ddb993e5a34781e514e5271c","worldHash":"17637339352500671388","detectionWorldHash":"1470","engagementCount":20,"reportHash":"793e6538fab37b6e40f507f8985265fa873d15c3f50a054810759046fa6acc14","fire_order":[],"worldStateSha256":"09b6f962ffe1ba34760bb9fa0a3bf0a9d4c9cd96ddb993e5a34781e514e5271c"}
SEED=999 HASH=09b6f962ffe1ba34760bb9fa0a3bf0a9d4c9cd96ddb993e5a34781e514e5271c
{
  "recordType": "sample-complete",
  "scenarioPath": "production/qa/gauntlet/gauntlet-20260709-1242/tier-2/tier2-strike-04.policy.json",
  "ticks": 10,
  "seed": 999,
  "worldHash": "09b6f962ffe1ba34760bb9fa0a3bf0a9d4c9cd96ddb993e5a34781e514e5271c",
  "missionTypes": [
    "Patrol",
    "Strike",
    "Support"
  ],
  "missionCount": 3
}
