=== TIER 4 ticks=24 ===
Wrote 12 rows to production/qa/gauntlet/gauntlet-20260716-2346/tier-4/results.csv
BATCH_EXIT=0
{
  "ok": true,
  "scenarios": [
    {
      "scenario": "gauntlet-t4-asymm-roe",
      "passed": true,
      "failures": [],
      "rows": 3
    },
    {
      "scenario": "gauntlet-t4-multi-mission",
      "passed": true,
      "failures": [],
      "rows": 3
    },
    {
      "scenario": "gauntlet-t4-random-inject",
      "passed": true,
      "failures": [],
      "rows": 3
    },
    {
      "scenario": "gauntlet-t4-weighted",
      "passed": true,
      "failures": [],
      "rows": 3
    }
  ],
  "allPassed": true
}
ORACLE_EXIT=0
