=== TIER 3 ticks=16 ===
Wrote 12 rows to production/qa/gauntlet/gauntlet-20260716-2346/tier-3/results.csv
BATCH_EXIT=0
{
  "ok": true,
  "scenarios": [
    {
      "scenario": "gauntlet-t3-emcon-phases",
      "passed": true,
      "failures": [],
      "rows": 3
    },
    {
      "scenario": "gauntlet-t3-escort-strike",
      "passed": true,
      "failures": [],
      "rows": 3
    },
    {
      "scenario": "gauntlet-t3-event-chain",
      "passed": true,
      "failures": [],
      "rows": 3
    },
    {
      "scenario": "gauntlet-t3-id-roe",
      "passed": true,
      "failures": [],
      "rows": 3
    }
  ],
  "allPassed": true
}
ORACLE_EXIT=0
