=== S93 Closeout Gates ===
Date: 2026-07-09T22:48:50Z
HEAD: cc984745b3ef88a126c81b55af1d7c55be8e2163
Verifier: dashboard-wave verification re-run (all deliverables confirmed)

--- dotnet build ---
  Determining projects to restore...
  All projects are up-to-date for restore.
  ProjectAegis.Data -> /home/username01/cmano-clone/src/ProjectAegis.Data/bin/Debug/netstandard2.1/ProjectAegis.Data.dll
  ProjectAegis.Data -> /home/username01/cmano-clone/src/ProjectAegis.Data/bin/Debug/net8.0/ProjectAegis.Data.dll
  ProjectAegis.Data.Excel -> /home/username01/cmano-clone/src/ProjectAegis.Data.Excel/bin/Debug/net8.0/ProjectAegis.Data.Excel.dll
  ProjectAegis.Sim -> /home/username01/cmano-clone/src/ProjectAegis.Sim/bin/Debug/net8.0/ProjectAegis.Sim.dll
  ProjectAegis.Sim -> /home/username01/cmano-clone/src/ProjectAegis.Sim/bin/Debug/netstandard2.1/ProjectAegis.Sim.dll
  ProjectAegis.Delegation -> /home/username01/cmano-clone/src/ProjectAegis.Delegation/bin/Debug/netstandard2.1/ProjectAegis.Delegation.dll
  ProjectAegis.Delegation -> /home/username01/cmano-clone/src/ProjectAegis.Delegation/bin/Debug/net8.0/ProjectAegis.Delegation.dll
  ProjectAegis.Data.Tests -> /home/username01/cmano-clone/src/ProjectAegis.Data.Tests/bin/Debug/net8.0/ProjectAegis.Data.Tests.dll
  ProjectAegis.Sim.Tests -> /home/username01/cmano-clone/src/ProjectAegis.Sim.Tests/bin/Debug/net8.0/ProjectAegis.Sim.Tests.dll
  ProjectAegis.Data.Excel.Tests -> /home/username01/cmano-clone/src/ProjectAegis.Data.Excel.Tests/bin/Debug/net8.0/ProjectAegis.Data.Excel.Tests.dll
  ProjectAegis.Delegation.UnityAdapter -> /home/username01/cmano-clone/src/ProjectAegis.Delegation.UnityAdapter/bin/Debug/netstandard2.1/ProjectAegis.Delegation.UnityAdapter.dll
  ProjectAegis.Delegation.UnityAdapter -> /home/username01/cmano-clone/src/ProjectAegis.Delegation.UnityAdapter/bin/Debug/net8.0/ProjectAegis.Delegation.UnityAdapter.dll
  ProjectAegis.Delegation.Tests -> /home/username01/cmano-clone/src/ProjectAegis.Delegation.Tests/bin/Debug/net8.0/ProjectAegis.Delegation.Tests.dll
  ProjectAegis.Delegation.Demo -> /home/username01/cmano-clone/src/ProjectAegis.Delegation.Demo/bin/Debug/net8.0/ProjectAegis.Delegation.Demo.dll
  ProjectAegis.Delegation.UnityAdapter.Tests -> /home/username01/cmano-clone/src/ProjectAegis.Delegation.UnityAdapter.Tests/bin/Debug/net8.0/ProjectAegis.Delegation.UnityAdapter.Tests.dll
  ProjectAegis.MissionEditor.Cli -> /home/username01/cmano-clone/src/ProjectAegis.MissionEditor.Cli/bin/Debug/net8.0/ProjectAegis.MissionEditor.Cli.dll
  ProjectAegis.MissionEditor.Cli.Tests -> /home/username01/cmano-clone/src/ProjectAegis.MissionEditor.Cli.Tests/bin/Debug/net8.0/ProjectAegis.MissionEditor.Cli.Tests.dll

Build succeeded.
    0 Warning(s)
    0 Error(s)

Time Elapsed 00:00:07.36

--- dotnet test full ---
  Determining projects to restore...
  All projects are up-to-date for restore.
  ProjectAegis.Data -> /home/username01/cmano-clone/src/ProjectAegis.Data/bin/Debug/netstandard2.1/ProjectAegis.Data.dll
  ProjectAegis.Data -> /home/username01/cmano-clone/src/ProjectAegis.Data/bin/Debug/net8.0/ProjectAegis.Data.dll
  ProjectAegis.Sim -> /home/username01/cmano-clone/src/ProjectAegis.Sim/bin/Debug/netstandard2.1/ProjectAegis.Sim.dll
  ProjectAegis.Sim -> /home/username01/cmano-clone/src/ProjectAegis.Sim/bin/Debug/net8.0/ProjectAegis.Sim.dll
  ProjectAegis.Data.Excel -> /home/username01/cmano-clone/src/ProjectAegis.Data.Excel/bin/Debug/net8.0/ProjectAegis.Data.Excel.dll
  ProjectAegis.Delegation -> /home/username01/cmano-clone/src/ProjectAegis.Delegation/bin/Debug/netstandard2.1/ProjectAegis.Delegation.dll
  ProjectAegis.Delegation -> /home/username01/cmano-clone/src/ProjectAegis.Delegation/bin/Debug/net8.0/ProjectAegis.Delegation.dll
  ProjectAegis.Sim.Tests -> /home/username01/cmano-clone/src/ProjectAegis.Sim.Tests/bin/Debug/net8.0/ProjectAegis.Sim.Tests.dll
Test run for /home/username01/cmano-clone/src/ProjectAegis.Sim.Tests/bin/Debug/net8.0/ProjectAegis.Sim.Tests.dll (.NETCoreApp,Version=v8.0)
  ProjectAegis.Delegation.UnityAdapter -> /home/username01/cmano-clone/src/ProjectAegis.Delegation.UnityAdapter/bin/Debug/netstandard2.1/ProjectAegis.Delegation.UnityAdapter.dll
  ProjectAegis.Data.Excel.Tests -> /home/username01/cmano-clone/src/ProjectAegis.Data.Excel.Tests/bin/Debug/net8.0/ProjectAegis.Data.Excel.Tests.dll
VSTest version 17.11.1 (x64)

Test run for /home/username01/cmano-clone/src/ProjectAegis.Data.Excel.Tests/bin/Debug/net8.0/ProjectAegis.Data.Excel.Tests.dll (.NETCoreApp,Version=v8.0)
  ProjectAegis.Delegation.UnityAdapter -> /home/username01/cmano-clone/src/ProjectAegis.Delegation.UnityAdapter/bin/Debug/net8.0/ProjectAegis.Delegation.UnityAdapter.dll
  ProjectAegis.Delegation.Tests -> /home/username01/cmano-clone/src/ProjectAegis.Delegation.Tests/bin/Debug/net8.0/ProjectAegis.Delegation.Tests.dll
Starting test execution, please wait...
  ProjectAegis.Data.Tests -> /home/username01/cmano-clone/src/ProjectAegis.Data.Tests/bin/Debug/net8.0/ProjectAegis.Data.Tests.dll
Test run for /home/username01/cmano-clone/src/ProjectAegis.Delegation.Tests/bin/Debug/net8.0/ProjectAegis.Delegation.Tests.dll (.NETCoreApp,Version=v8.0)
A total of 1 test files matched the specified pattern.
VSTest version 17.11.1 (x64)

Test run for /home/username01/cmano-clone/src/ProjectAegis.Data.Tests/bin/Debug/net8.0/ProjectAegis.Data.Tests.dll (.NETCoreApp,Version=v8.0)
VSTest version 17.11.1 (x64)

VSTest version 17.11.1 (x64)

Starting test execution, please wait...
  ProjectAegis.MissionEditor.Cli -> /home/username01/cmano-clone/src/ProjectAegis.MissionEditor.Cli/bin/Debug/net8.0/ProjectAegis.MissionEditor.Cli.dll
A total of 1 test files matched the specified pattern.
Starting test execution, please wait...
Starting test execution, please wait...
A total of 1 test files matched the specified pattern.
A total of 1 test files matched the specified pattern.
  ProjectAegis.Delegation.UnityAdapter.Tests -> /home/username01/cmano-clone/src/ProjectAegis.Delegation.UnityAdapter.Tests/bin/Debug/net8.0/ProjectAegis.Delegation.UnityAdapter.Tests.dll
Test run for /home/username01/cmano-clone/src/ProjectAegis.Delegation.UnityAdapter.Tests/bin/Debug/net8.0/ProjectAegis.Delegation.UnityAdapter.Tests.dll (.NETCoreApp,Version=v8.0)
VSTest version 17.11.1 (x64)

  ProjectAegis.MissionEditor.Cli.Tests -> /home/username01/cmano-clone/src/ProjectAegis.MissionEditor.Cli.Tests/bin/Debug/net8.0/ProjectAegis.MissionEditor.Cli.Tests.dll
Starting test execution, please wait...
Test run for /home/username01/cmano-clone/src/ProjectAegis.MissionEditor.Cli.Tests/bin/Debug/net8.0/ProjectAegis.MissionEditor.Cli.Tests.dll (.NETCoreApp,Version=v8.0)
A total of 1 test files matched the specified pattern.
VSTest version 17.11.1 (x64)

Starting test execution, please wait...
A total of 1 test files matched the specified pattern.

Passed!  - Failed:     0, Passed:   311, Skipped:     0, Total:   311, Duration: 177 ms - ProjectAegis.Sim.Tests.dll (net8.0)

Passed!  - Failed:     0, Passed:   260, Skipped:     0, Total:   260, Duration: 577 ms - ProjectAegis.Delegation.Tests.dll (net8.0)

Passed!  - Failed:     0, Passed:   286, Skipped:     0, Total:   286, Duration: 1 s - ProjectAegis.Delegation.UnityAdapter.Tests.dll (net8.0)

Passed!  - Failed:     0, Passed:    24, Skipped:     0, Total:    24, Duration: 5 s - ProjectAegis.Data.Excel.Tests.dll (net8.0)

Passed!  - Failed:     0, Passed:   102, Skipped:     0, Total:   102, Duration: 8 s - ProjectAegis.MissionEditor.Cli.Tests.dll (net8.0)

Passed!  - Failed:     0, Passed:   616, Skipped:     0, Total:   616, Duration: 9 s - ProjectAegis.Data.Tests.dll (net8.0)

--- ReplayGolden ---
  Determining projects to restore...
  All projects are up-to-date for restore.
  ProjectAegis.Data -> /home/username01/cmano-clone/src/ProjectAegis.Data/bin/Debug/net8.0/ProjectAegis.Data.dll
  ProjectAegis.Sim -> /home/username01/cmano-clone/src/ProjectAegis.Sim/bin/Debug/net8.0/ProjectAegis.Sim.dll
  ProjectAegis.Delegation -> /home/username01/cmano-clone/src/ProjectAegis.Delegation/bin/Debug/net8.0/ProjectAegis.Delegation.dll
  ProjectAegis.Delegation.UnityAdapter -> /home/username01/cmano-clone/src/ProjectAegis.Delegation.UnityAdapter/bin/Debug/net8.0/ProjectAegis.Delegation.UnityAdapter.dll
  ProjectAegis.Delegation.UnityAdapter.Tests -> /home/username01/cmano-clone/src/ProjectAegis.Delegation.UnityAdapter.Tests/bin/Debug/net8.0/ProjectAegis.Delegation.UnityAdapter.Tests.dll
Test run for /home/username01/cmano-clone/src/ProjectAegis.Delegation.UnityAdapter.Tests/bin/Debug/net8.0/ProjectAegis.Delegation.UnityAdapter.Tests.dll (.NETCoreApp,Version=v8.0)
VSTest version 17.11.1 (x64)

Starting test execution, please wait...
A total of 1 test files matched the specified pattern.

Passed!  - Failed:     0, Passed:     6, Skipped:     0, Total:     6, Duration: 207 ms - ProjectAegis.Delegation.UnityAdapter.Tests.dll (net8.0)

--- PlayModeSmoke ---
  Determining projects to restore...
  All projects are up-to-date for restore.
  ProjectAegis.Data -> /home/username01/cmano-clone/src/ProjectAegis.Data/bin/Debug/net8.0/ProjectAegis.Data.dll
  ProjectAegis.Sim -> /home/username01/cmano-clone/src/ProjectAegis.Sim/bin/Debug/net8.0/ProjectAegis.Sim.dll
  ProjectAegis.Delegation -> /home/username01/cmano-clone/src/ProjectAegis.Delegation/bin/Debug/net8.0/ProjectAegis.Delegation.dll
  ProjectAegis.Delegation.UnityAdapter -> /home/username01/cmano-clone/src/ProjectAegis.Delegation.UnityAdapter/bin/Debug/net8.0/ProjectAegis.Delegation.UnityAdapter.dll
  ProjectAegis.Delegation.UnityAdapter.Tests -> /home/username01/cmano-clone/src/ProjectAegis.Delegation.UnityAdapter.Tests/bin/Debug/net8.0/ProjectAegis.Delegation.UnityAdapter.Tests.dll
Test run for /home/username01/cmano-clone/src/ProjectAegis.Delegation.UnityAdapter.Tests/bin/Debug/net8.0/ProjectAegis.Delegation.UnityAdapter.Tests.dll (.NETCoreApp,Version=v8.0)
VSTest version 17.11.1 (x64)

Starting test execution, please wait...
A total of 1 test files matched the specified pattern.

Passed!  - Failed:     0, Passed:    20, Skipped:     0, Total:    20, Duration: 313 ms - ProjectAegis.Delegation.UnityAdapter.Tests.dll (net8.0)

--- hash grep ---
hash file count: 26
tests/regression/replay-golden-baltic-v2-theater-2026-06-22.txt:# Isolated from production Baltic hash 17144800277401907079
tests/regression/replay-golden-baltic-v2-patrol-band-b-2026-06-22.txt:WORLD_HASH=17144800277401907079
tests/regression/replay-golden-baltic-kill-checkpoints-2026-06-02.txt:REPLAY_CHECKPOINT=4:17144800277401907079:14

--- DelegationBridge hotpath check ---
ZERO new hotpath edits expected (assets/docs only)

=== SUMMARY ===
Build: 0e/0w
Tests: 1599/0f
ReplayGolden: 6/6
PlayModeSmoke: 20/20
Hash: preserved (26 paths)
Verdict: ALL PASS
