  Determining projects to restore...
  All projects are up-to-date for restore.
  ProjectAegis.Data -> /home/username01/cmano-clone/src/ProjectAegis.Data/bin/Release/net8.0/ProjectAegis.Data.dll
  ProjectAegis.Data -> /home/username01/cmano-clone/src/ProjectAegis.Data/bin/Release/netstandard2.1/ProjectAegis.Data.dll
  ProjectAegis.Data.Excel -> /home/username01/cmano-clone/src/ProjectAegis.Data.Excel/bin/Release/net8.0/ProjectAegis.Data.Excel.dll
  ProjectAegis.Sim -> /home/username01/cmano-clone/src/ProjectAegis.Sim/bin/Release/net8.0/ProjectAegis.Sim.dll
  ProjectAegis.Sim -> /home/username01/cmano-clone/src/ProjectAegis.Sim/bin/Release/netstandard2.1/ProjectAegis.Sim.dll
  ProjectAegis.Delegation -> /home/username01/cmano-clone/src/ProjectAegis.Delegation/bin/Release/net8.0/ProjectAegis.Delegation.dll
  ProjectAegis.Sim.Tests -> /home/username01/cmano-clone/src/ProjectAegis.Sim.Tests/bin/Release/net8.0/ProjectAegis.Sim.Tests.dll
  ProjectAegis.Data.Excel.Tests -> /home/username01/cmano-clone/src/ProjectAegis.Data.Excel.Tests/bin/Release/net8.0/ProjectAegis.Data.Excel.Tests.dll
  ProjectAegis.Data.Tests -> /home/username01/cmano-clone/src/ProjectAegis.Data.Tests/bin/Release/net8.0/ProjectAegis.Data.Tests.dll
Test run for /home/username01/cmano-clone/src/ProjectAegis.Sim.Tests/bin/Release/net8.0/ProjectAegis.Sim.Tests.dll (.NETCoreApp,Version=v8.0)
Test run for /home/username01/cmano-clone/src/ProjectAegis.Data.Excel.Tests/bin/Release/net8.0/ProjectAegis.Data.Excel.Tests.dll (.NETCoreApp,Version=v8.0)
Test run for /home/username01/cmano-clone/src/ProjectAegis.Data.Tests/bin/Release/net8.0/ProjectAegis.Data.Tests.dll (.NETCoreApp,Version=v8.0)
  ProjectAegis.Delegation -> /home/username01/cmano-clone/src/ProjectAegis.Delegation/bin/Release/netstandard2.1/ProjectAegis.Delegation.dll
A total of 1 test files matched the specified pattern.
  ProjectAegis.Delegation.UnityAdapter -> /home/username01/cmano-clone/src/ProjectAegis.Delegation.UnityAdapter/bin/Release/net8.0/ProjectAegis.Delegation.UnityAdapter.dll
A total of 1 test files matched the specified pattern.
  ProjectAegis.Delegation.Tests -> /home/username01/cmano-clone/src/ProjectAegis.Delegation.Tests/bin/Release/net8.0/ProjectAegis.Delegation.Tests.dll
A total of 1 test files matched the specified pattern.
Test run for /home/username01/cmano-clone/src/ProjectAegis.Delegation.Tests/bin/Release/net8.0/ProjectAegis.Delegation.Tests.dll (.NETCoreApp,Version=v8.0)
  ProjectAegis.Delegation.UnityAdapter -> /home/username01/cmano-clone/src/ProjectAegis.Delegation.UnityAdapter/bin/Release/netstandard2.1/ProjectAegis.Delegation.UnityAdapter.dll
  ProjectAegis.MissionEditor.Cli -> /home/username01/cmano-clone/src/ProjectAegis.MissionEditor.Cli/bin/Release/net8.0/ProjectAegis.MissionEditor.Cli.dll
  ProjectAegis.Delegation.UnityAdapter.Tests -> /home/username01/cmano-clone/src/ProjectAegis.Delegation.UnityAdapter.Tests/bin/Release/net8.0/ProjectAegis.Delegation.UnityAdapter.Tests.dll
Test run for /home/username01/cmano-clone/src/ProjectAegis.Delegation.UnityAdapter.Tests/bin/Release/net8.0/ProjectAegis.Delegation.UnityAdapter.Tests.dll (.NETCoreApp,Version=v8.0)
A total of 1 test files matched the specified pattern.
  ProjectAegis.MissionEditor.Cli.Tests -> /home/username01/cmano-clone/src/ProjectAegis.MissionEditor.Cli.Tests/bin/Release/net8.0/ProjectAegis.MissionEditor.Cli.Tests.dll
A total of 1 test files matched the specified pattern.
Test run for /home/username01/cmano-clone/src/ProjectAegis.MissionEditor.Cli.Tests/bin/Release/net8.0/ProjectAegis.MissionEditor.Cli.Tests.dll (.NETCoreApp,Version=v8.0)
A total of 1 test files matched the specified pattern.

Passed!  - Failed:     0, Passed:   311, Skipped:     0, Total:   311, Duration: 201 ms - ProjectAegis.Sim.Tests.dll (net8.0)

Passed!  - Failed:     0, Passed:   260, Skipped:     0, Total:   260, Duration: 580 ms - ProjectAegis.Delegation.Tests.dll (net8.0)

Passed!  - Failed:     0, Passed:   286, Skipped:     0, Total:   286, Duration: 1 s - ProjectAegis.Delegation.UnityAdapter.Tests.dll (net8.0)

Passed!  - Failed:     0, Passed:    24, Skipped:     0, Total:    24, Duration: 5 s - ProjectAegis.Data.Excel.Tests.dll (net8.0)

Passed!  - Failed:     0, Passed:   102, Skipped:     0, Total:   102, Duration: 9 s - ProjectAegis.MissionEditor.Cli.Tests.dll (net8.0)

Passed!  - Failed:     0, Passed:   616, Skipped:     0, Total:   616, Duration: 12 s - ProjectAegis.Data.Tests.dll (net8.0)
Repository: /home/username01/cmano-clone
Branch: stack/post-editor/s93-asset-production
Indexed: 7/12/2026, 10:07:22 AM
Indexed commit: 9ea9657
Current commit: 9ea9657
Status: ✅ up-to-date
