=== S90 closeout gates 2026-07-09T16:17:30Z ===
=== BUILD ===
  Determining projects to restore...
  All projects are up-to-date for restore.
  ProjectAegis.Data -> /home/username01/cmano-clone/src/ProjectAegis.Data/bin/Debug/netstandard2.1/ProjectAegis.Data.dll
  ProjectAegis.Data -> /home/username01/cmano-clone/src/ProjectAegis.Data/bin/Debug/net8.0/ProjectAegis.Data.dll
  ProjectAegis.Data.Excel -> /home/username01/cmano-clone/src/ProjectAegis.Data.Excel/bin/Debug/net8.0/ProjectAegis.Data.Excel.dll
  ProjectAegis.Sim -> /home/username01/cmano-clone/src/ProjectAegis.Sim/bin/Debug/net8.0/ProjectAegis.Sim.dll
  ProjectAegis.Sim -> /home/username01/cmano-clone/src/ProjectAegis.Sim/bin/Debug/netstandard2.1/ProjectAegis.Sim.dll
  ProjectAegis.Data.Tests -> /home/username01/cmano-clone/src/ProjectAegis.Data.Tests/bin/Debug/net8.0/ProjectAegis.Data.Tests.dll
  ProjectAegis.Data.Excel.Tests -> /home/username01/cmano-clone/src/ProjectAegis.Data.Excel.Tests/bin/Debug/net8.0/ProjectAegis.Data.Excel.Tests.dll
  ProjectAegis.Delegation -> /home/username01/cmano-clone/src/ProjectAegis.Delegation/bin/Debug/net8.0/ProjectAegis.Delegation.dll
  ProjectAegis.Sim.Tests -> /home/username01/cmano-clone/src/ProjectAegis.Sim.Tests/bin/Debug/net8.0/ProjectAegis.Sim.Tests.dll
  ProjectAegis.Delegation -> /home/username01/cmano-clone/src/ProjectAegis.Delegation/bin/Debug/netstandard2.1/ProjectAegis.Delegation.dll
  ProjectAegis.Delegation.UnityAdapter -> /home/username01/cmano-clone/src/ProjectAegis.Delegation.UnityAdapter/bin/Debug/net8.0/ProjectAegis.Delegation.UnityAdapter.dll
  ProjectAegis.Delegation.Tests -> /home/username01/cmano-clone/src/ProjectAegis.Delegation.Tests/bin/Debug/net8.0/ProjectAegis.Delegation.Tests.dll
  ProjectAegis.Delegation.UnityAdapter -> /home/username01/cmano-clone/src/ProjectAegis.Delegation.UnityAdapter/bin/Debug/netstandard2.1/ProjectAegis.Delegation.UnityAdapter.dll
  ProjectAegis.MissionEditor.Cli -> /home/username01/cmano-clone/src/ProjectAegis.MissionEditor.Cli/bin/Debug/net8.0/ProjectAegis.MissionEditor.Cli.dll
  ProjectAegis.Delegation.Demo -> /home/username01/cmano-clone/src/ProjectAegis.Delegation.Demo/bin/Debug/net8.0/ProjectAegis.Delegation.Demo.dll
  ProjectAegis.Delegation.UnityAdapter.Tests -> /home/username01/cmano-clone/src/ProjectAegis.Delegation.UnityAdapter.Tests/bin/Debug/net8.0/ProjectAegis.Delegation.UnityAdapter.Tests.dll
  ProjectAegis.MissionEditor.Cli.Tests -> /home/username01/cmano-clone/src/ProjectAegis.MissionEditor.Cli.Tests/bin/Debug/net8.0/ProjectAegis.MissionEditor.Cli.Tests.dll

Build succeeded.
    0 Warning(s)
    0 Error(s)

Time Elapsed 00:00:08.00
=== FULL TEST ===
Test run for /home/username01/cmano-clone/src/ProjectAegis.Data.Tests/bin/Debug/net8.0/ProjectAegis.Data.Tests.dll (.NETCoreApp,Version=v8.0)
Test run for /home/username01/cmano-clone/src/ProjectAegis.Sim.Tests/bin/Debug/net8.0/ProjectAegis.Sim.Tests.dll (.NETCoreApp,Version=v8.0)
Test run for /home/username01/cmano-clone/src/ProjectAegis.Delegation.Tests/bin/Debug/net8.0/ProjectAegis.Delegation.Tests.dll (.NETCoreApp,Version=v8.0)
Test run for /home/username01/cmano-clone/src/ProjectAegis.Data.Excel.Tests/bin/Debug/net8.0/ProjectAegis.Data.Excel.Tests.dll (.NETCoreApp,Version=v8.0)
Test run for /home/username01/cmano-clone/src/ProjectAegis.Delegation.UnityAdapter.Tests/bin/Debug/net8.0/ProjectAegis.Delegation.UnityAdapter.Tests.dll (.NETCoreApp,Version=v8.0)
Test run for /home/username01/cmano-clone/src/ProjectAegis.MissionEditor.Cli.Tests/bin/Debug/net8.0/ProjectAegis.MissionEditor.Cli.Tests.dll (.NETCoreApp,Version=v8.0)
VSTest version 17.11.1 (x64)

VSTest version 17.11.1 (x64)

VSTest version 17.11.1 (x64)

VSTest version 17.11.1 (x64)
VSTest version 17.11.1 (x64)
VSTest version 17.11.1 (x64)



Starting test execution, please wait...
Starting test execution, please wait...
A total of 1 test files matched the specified pattern.
Starting test execution, please wait...
A total of 1 test files matched the specified pattern.
Starting test execution, please wait...
Starting test execution, please wait...
Starting test execution, please wait...
A total of 1 test files matched the specified pattern.
A total of 1 test files matched the specified pattern.
A total of 1 test files matched the specified pattern.
A total of 1 test files matched the specified pattern.

Passed!  - Failed:     0, Passed:   311, Skipped:     0, Total:   311, Duration: 427 ms - ProjectAegis.Sim.Tests.dll (net8.0)

Passed!  - Failed:     0, Passed:   260, Skipped:     0, Total:   260, Duration: 1 s - ProjectAegis.Delegation.Tests.dll (net8.0)

Passed!  - Failed:     0, Passed:   286, Skipped:     0, Total:   286, Duration: 4 s - ProjectAegis.Delegation.UnityAdapter.Tests.dll (net8.0)

Passed!  - Failed:     0, Passed:    24, Skipped:     0, Total:    24, Duration: 11 s - ProjectAegis.Data.Excel.Tests.dll (net8.0)

Passed!  - Failed:     0, Passed:   102, Skipped:     0, Total:   102, Duration: 19 s - ProjectAegis.MissionEditor.Cli.Tests.dll (net8.0)

Passed!  - Failed:     0, Passed:   616, Skipped:     0, Total:   616, Duration: 14 s - ProjectAegis.Data.Tests.dll (net8.0)
=== ReplayGolden ===
Test run for /home/username01/cmano-clone/src/ProjectAegis.Delegation.UnityAdapter.Tests/bin/Debug/net8.0/ProjectAegis.Delegation.UnityAdapter.Tests.dll (.NETCoreApp,Version=v8.0)
VSTest version 17.11.1 (x64)

Starting test execution, please wait...
A total of 1 test files matched the specified pattern.

Passed!  - Failed:     0, Passed:     6, Skipped:     0, Total:     6, Duration: 457 ms - ProjectAegis.Delegation.UnityAdapter.Tests.dll (net8.0)
=== PlayModeSmoke ===
Test run for /home/username01/cmano-clone/src/ProjectAegis.Delegation.UnityAdapter.Tests/bin/Debug/net8.0/ProjectAegis.Delegation.UnityAdapter.Tests.dll (.NETCoreApp,Version=v8.0)
VSTest version 17.11.1 (x64)

Starting test execution, please wait...
A total of 1 test files matched the specified pattern.

Passed!  - Failed:     0, Passed:    20, Skipped:     0, Total:    20, Duration: 752 ms - ProjectAegis.Delegation.UnityAdapter.Tests.dll (net8.0)
=== UA engage ===
Test run for /home/username01/cmano-clone/src/ProjectAegis.Delegation.UnityAdapter.Tests/bin/Debug/net8.0/ProjectAegis.Delegation.UnityAdapter.Tests.dll (.NETCoreApp,Version=v8.0)
VSTest version 17.11.1 (x64)

Starting test execution, please wait...
A total of 1 test files matched the specified pattern.

Passed!  - Failed:     0, Passed:     3, Skipped:     0, Total:     3, Duration: 417 ms - ProjectAegis.Delegation.UnityAdapter.Tests.dll (net8.0)
=== HASH ===
18
=== BRIDGE DIFF (should be empty for hotpath) ===
ZERO DelegationBridge in diff
=== DOCS HONESTY greps ===
OK: no Prefer Input System in ui-specialist
OK: no false already-listed claim
27:| `com.unity.ui` | 2.0.0 | UI Toolkit (C2 presentation) |
OK: VERSION has UI Toolkit
