=== gates-post-s72-integration-2026-06-25 ===
Started: 2026-06-25T16:42:13-05:00
HEAD: b2c9411818124daa03c473ba0b53f0cde8a77ad8

=== dotnet build ===
  ProjectAegis.Data -> /home/username01/projects/active/cmano-clone/cmano-clone/src/ProjectAegis.Data/bin/Debug/netstandard2.1/ProjectAegis.Data.dll
  ProjectAegis.Data -> /home/username01/projects/active/cmano-clone/cmano-clone/src/ProjectAegis.Data/bin/Debug/net8.0/ProjectAegis.Data.dll
  ProjectAegis.Sim -> /home/username01/projects/active/cmano-clone/cmano-clone/src/ProjectAegis.Sim/bin/Debug/net8.0/ProjectAegis.Sim.dll
  ProjectAegis.Data.Excel -> /home/username01/projects/active/cmano-clone/cmano-clone/src/ProjectAegis.Data.Excel/bin/Debug/net8.0/ProjectAegis.Data.Excel.dll
  ProjectAegis.Data.Tests -> /home/username01/projects/active/cmano-clone/cmano-clone/src/ProjectAegis.Data.Tests/bin/Debug/net8.0/ProjectAegis.Data.Tests.dll
  ProjectAegis.Data.Excel.Tests -> /home/username01/projects/active/cmano-clone/cmano-clone/src/ProjectAegis.Data.Excel.Tests/bin/Debug/net8.0/ProjectAegis.Data.Excel.Tests.dll
  ProjectAegis.Delegation -> /home/username01/projects/active/cmano-clone/cmano-clone/src/ProjectAegis.Delegation/bin/Debug/net8.0/ProjectAegis.Delegation.dll
  ProjectAegis.Sim -> /home/username01/projects/active/cmano-clone/cmano-clone/src/ProjectAegis.Sim/bin/Debug/netstandard2.1/ProjectAegis.Sim.dll
  ProjectAegis.Sim.Tests -> /home/username01/projects/active/cmano-clone/cmano-clone/src/ProjectAegis.Sim.Tests/bin/Debug/net8.0/ProjectAegis.Sim.Tests.dll
  ProjectAegis.Delegation.Tests -> /home/username01/projects/active/cmano-clone/cmano-clone/src/ProjectAegis.Delegation.Tests/bin/Debug/net8.0/ProjectAegis.Delegation.Tests.dll
  ProjectAegis.Delegation.UnityAdapter -> /home/username01/projects/active/cmano-clone/cmano-clone/src/ProjectAegis.Delegation.UnityAdapter/bin/Debug/net8.0/ProjectAegis.Delegation.UnityAdapter.dll
  ProjectAegis.Delegation -> /home/username01/projects/active/cmano-clone/cmano-clone/src/ProjectAegis.Delegation/bin/Debug/netstandard2.1/ProjectAegis.Delegation.dll
  ProjectAegis.Delegation.UnityAdapter.Tests -> /home/username01/projects/active/cmano-clone/cmano-clone/src/ProjectAegis.Delegation.UnityAdapter.Tests/bin/Debug/net8.0/ProjectAegis.Delegation.UnityAdapter.Tests.dll
  ProjectAegis.Delegation.Demo -> /home/username01/projects/active/cmano-clone/cmano-clone/src/ProjectAegis.Delegation.Demo/bin/Debug/net8.0/ProjectAegis.Delegation.Demo.dll
  ProjectAegis.MissionEditor.Cli -> /home/username01/projects/active/cmano-clone/cmano-clone/src/ProjectAegis.MissionEditor.Cli/bin/Debug/net8.0/ProjectAegis.MissionEditor.Cli.dll
  ProjectAegis.Delegation.UnityAdapter -> /home/username01/projects/active/cmano-clone/cmano-clone/src/ProjectAegis.Delegation.UnityAdapter/bin/Debug/netstandard2.1/ProjectAegis.Delegation.UnityAdapter.dll
  ProjectAegis.MissionEditor.Cli.Tests -> /home/username01/projects/active/cmano-clone/cmano-clone/src/ProjectAegis.MissionEditor.Cli.Tests/bin/Debug/net8.0/ProjectAegis.MissionEditor.Cli.Tests.dll

Build succeeded.
    0 Warning(s)
    0 Error(s)

Time Elapsed 00:00:02.41

=== dotnet test full ===
Test run for /home/username01/projects/active/cmano-clone/cmano-clone/src/ProjectAegis.Data.Excel.Tests/bin/Debug/net8.0/ProjectAegis.Data.Excel.Tests.dll (.NETCoreApp,Version=v8.0)
Test run for /home/username01/projects/active/cmano-clone/cmano-clone/src/ProjectAegis.Data.Tests/bin/Debug/net8.0/ProjectAegis.Data.Tests.dll (.NETCoreApp,Version=v8.0)
Test run for /home/username01/projects/active/cmano-clone/cmano-clone/src/ProjectAegis.Delegation.UnityAdapter.Tests/bin/Debug/net8.0/ProjectAegis.Delegation.UnityAdapter.Tests.dll (.NETCoreApp,Version=v8.0)
Test run for /home/username01/projects/active/cmano-clone/cmano-clone/src/ProjectAegis.Delegation.Tests/bin/Debug/net8.0/ProjectAegis.Delegation.Tests.dll (.NETCoreApp,Version=v8.0)
VSTest version 17.11.1 (x64)

Test run for /home/username01/projects/active/cmano-clone/cmano-clone/src/ProjectAegis.Sim.Tests/bin/Debug/net8.0/ProjectAegis.Sim.Tests.dll (.NETCoreApp,Version=v8.0)
VSTest version 17.11.1 (x64)
VSTest version 17.11.1 (x64)


Test run for /home/username01/projects/active/cmano-clone/cmano-clone/src/ProjectAegis.MissionEditor.Cli.Tests/bin/Debug/net8.0/ProjectAegis.MissionEditor.Cli.Tests.dll (.NETCoreApp,Version=v8.0)
VSTest version 17.11.1 (x64)

Starting test execution, please wait...
A total of 1 test files matched the specified pattern.
VSTest version 17.11.1 (x64)
VSTest version 17.11.1 (x64)


Starting test execution, please wait...
Starting test execution, please wait...
A total of 1 test files matched the specified pattern.
Starting test execution, please wait...
A total of 1 test files matched the specified pattern.
A total of 1 test files matched the specified pattern.
Starting test execution, please wait...
Starting test execution, please wait...
A total of 1 test files matched the specified pattern.
A total of 1 test files matched the specified pattern.

Passed!  - Failed:     0, Passed:   279, Skipped:     0, Total:   279, Duration: 110 ms - ProjectAegis.Sim.Tests.dll (net8.0)

Passed!  - Failed:     0, Passed:    43, Skipped:     0, Total:    43, Duration: 325 ms - ProjectAegis.MissionEditor.Cli.Tests.dll (net8.0)

Passed!  - Failed:     0, Passed:   247, Skipped:     0, Total:   247, Duration: 352 ms - ProjectAegis.Delegation.Tests.dll (net8.0)

Passed!  - Failed:     0, Passed:     5, Skipped:     0, Total:     5, Duration: 59 ms - ProjectAegis.Data.Excel.Tests.dll (net8.0)

Passed!  - Failed:     0, Passed:   252, Skipped:     0, Total:   252, Duration: 940 ms - ProjectAegis.Delegation.UnityAdapter.Tests.dll (net8.0)

Passed!  - Failed:     0, Passed:   406, Skipped:     0, Total:   406, Duration: 3 s - ProjectAegis.Data.Tests.dll (net8.0)

=== ReplayGoldenSuiteTests ===
Test run for /home/username01/projects/active/cmano-clone/cmano-clone/src/ProjectAegis.Delegation.UnityAdapter.Tests/bin/Debug/net8.0/ProjectAegis.Delegation.UnityAdapter.Tests.dll (.NETCoreApp,Version=v8.0)
VSTest version 17.11.1 (x64)

Starting test execution, please wait...
A total of 1 test files matched the specified pattern.

Passed!  - Failed:     0, Passed:     6, Skipped:     0, Total:     6, Duration: 169 ms - ProjectAegis.Delegation.UnityAdapter.Tests.dll (net8.0)

=== PlayModeSmokeHarnessTests ===
Test run for /home/username01/projects/active/cmano-clone/cmano-clone/src/ProjectAegis.Delegation.UnityAdapter.Tests/bin/Debug/net8.0/ProjectAegis.Delegation.UnityAdapter.Tests.dll (.NETCoreApp,Version=v8.0)
VSTest version 17.11.1 (x64)

Starting test execution, please wait...
A total of 1 test files matched the specified pattern.

Passed!  - Failed:     0, Passed:    18, Skipped:     0, Total:    18, Duration: 260 ms - ProjectAegis.Delegation.UnityAdapter.Tests.dll (net8.0)

=== hash grep ===
tests/regression/replay-golden-baltic-v2-mission-event-2026-06-22.txt:WORLD_HASH=17144800277401907079
tests/regression/replay-golden-baltic-v2-mission-event-2026-06-22.txt:REPLAY_CHECKPOINT=4:17144800277401907079:17
tests/regression/replay-golden-baltic-v2-patrol-2026-06-22.txt:WORLD_HASH=17144800277401907079

=== ZERO DelegationBridge ===
0

Finished: 2026-06-25T16:42:24-05:00
